<?xml version="1.0" encoding="UTF-8"?>
<!-- Generated by org.testng.reporters.JUnitXMLReporter -->
<testsuite ignored="12" hostname="marjanas-Air" failures="0" tests="0" time="0.012" errors="0" timestamp="2022-10-02T21:08:14 EDT">
  <testcase classname="pages.HomePageTest" name="logoDisplayed" time="0.0">
    <ignored/>
  </testcase> <!-- logoDisplayed -->
  <testcase classname="pages.HomePageTest" name="use_of_navigate_method" time="0.0">
    <ignored/>
  </testcase> <!-- use_of_navigate_method -->
  <testcase classname="pages.HomePageTest" name="sendKeys" time="0.0">
    <ignored/>
  </testcase> <!-- sendKeys -->
  <testcase classname="pages.HomePageTest" name="search" time="0.0">
    <ignored/>
  </testcase> <!-- search -->
  <testcase classname="pages.HomePageTest" name="location" time="0.0">
    <ignored/>
  </testcase> <!-- location -->
  <testcase classname="pages.HomePageTest" name="doctorName" time="0.0">
    <ignored/>
  </testcase> <!-- doctorName -->
  <testcase classname="pages.HomePageTest" name="getURL" time="0.0">
    <ignored/>
  </testcase> <!-- getURL -->
  <testcase classname="pages.HomePageTest" name="showMenu" time="0.0">
    <ignored/>
  </testcase> <!-- showMenu -->
  <testcase classname="pages.HomePageTest" name="getTitle" time="0.0">
    <ignored/>
  </testcase> <!-- getTitle -->
  <testcase classname="pages.HomePageTest" name="logoDisplayed02" time="0.0">
    <ignored/>
  </testcase> <!-- logoDisplayed02 -->
  <testcase classname="pages.HomePageTest" name="getAttribute" time="0.0">
    <ignored/>
  </testcase> <!-- getAttribute -->
  <testcase classname="pages.HomePageTest" name="searchTool02" time="0.0">
    <ignored/>
  </testcase> <!-- searchTool02 -->
</testsuite>
