<?xml version="1.0" encoding="UTF-8"?>
<testng-results skipped="0" failed="0" ignored="18" total="19" passed="1">
  <reporter-output>
  </reporter-output>
  <suite name="Default suite" duration-ms="7009" started-at="2022-10-07T18:52:24 EDT" finished-at="2022-10-07T18:52:31 EDT">
    <groups>
    </groups>
    <test name="Default test" duration-ms="7009" started-at="2022-10-07T18:52:24 EDT" finished-at="2022-10-07T18:52:31 EDT">
      <class name="pages.HomePageTest">
        <test-method status="PASS" signature="setUp()[pri:0, instance:pages.HomePageTest@25bbf683]" name="setUp" is-config="true" duration-ms="6108" started-at="2022-10-07T18:52:24 EDT" finished-at="2022-10-07T18:52:31 EDT">
          <reporter-output>
          </reporter-output>
        </test-method> <!-- setUp -->
        <test-method status="PASS" signature="logoDisplayed02()[pri:0, instance:pages.HomePageTest@25bbf683]" name="logoDisplayed02" duration-ms="124" started-at="2022-10-07T18:52:31 EDT" finished-at="2022-10-07T18:52:31 EDT">
          <reporter-output>
          </reporter-output>
        </test-method> <!-- logoDisplayed02 -->
        <test-method status="PASS" signature="tearUp()[pri:0, instance:pages.HomePageTest@25bbf683]" name="tearUp" is-config="true" duration-ms="739" started-at="2022-10-07T18:52:31 EDT" finished-at="2022-10-07T18:52:31 EDT">
          <reporter-output>
          </reporter-output>
        </test-method> <!-- tearUp -->
      </class> <!-- pages.HomePageTest -->
    </test> <!-- Default test -->
  </suite> <!-- Default suite -->
</testng-results>
